This file contains any messages produced by compilers while
running configure, to aid debugging if configure makes a mistake.

It was created by pocketsphinx configure 0.7, which was
generated by GNU Autoconf 2.69.  Invocation command line was

  $ ./configure --disable-shared --enable-static

## --------- ##
## Platform. ##
## --------- ##

hostname = host-4-199.mv.mozilla.com
uname -m = x86_64
uname -r = 12.2.0
uname -s = Darwin
uname -v = Darwin Kernel Version 12.2.0: Sat Aug 25 00:48:52 PDT 2012; root:xnu-2050.18.24~1/RELEASE_X86_64

/usr/bin/uname -p = i386
/bin/uname -X     = unknown

/bin/arch              = unknown
/usr/bin/arch -k       = unknown
/usr/convex/getsysinfo = unknown
/usr/bin/hostinfo      = Mach kernel version:
	 Darwin Kernel Version 12.2.0: Sat Aug 25 00:48:52 PDT 2012; root:xnu-2050.18.24~1/RELEASE_X86_64
Kernel configured for up to 8 processors.
4 processors are physically available.
8 processors are logically available.
Processor type: i486 (Intel 80486)
Processors active: 0 1 2 3 4 5 6 7
Primary memory available: 16.00 gigabytes
Default processor set: 146 tasks, 904 threads, 8 processors
Load average: 1.34, Mach factor: 6.64
/bin/machine           = unknown
/usr/bin/oslevel       = unknown
/bin/universe          = unknown

PATH: /usr/local/clang/bin
PATH: /Users/mcirlanaru/Mozilla/myscripts
PATH: /Users/mcirlanaru/Mozilla/android-sdk-macosx/platform-tools
PATH: /usr/bin
PATH: /bin
PATH: /usr/sbin
PATH: /sbin
PATH: /usr/local/bin


## ----------- ##
## Core tests. ##
## ----------- ##

configure:2514: checking for a BSD-compatible install
configure:2582: result: /usr/bin/install -c
configure:2593: checking whether build environment is sane
configure:2630: result: yes
configure:2692: checking for gawk
configure:2722: result: no
configure:2692: checking for mawk
configure:2722: result: no
configure:2692: checking for nawk
configure:2722: result: no
configure:2692: checking for awk
configure:2708: found /usr/bin/awk
configure:2719: result: awk
configure:2730: checking whether make sets $(MAKE)
configure:2752: result: yes
configure:2930: checking build system type
configure:2944: result: x86_64-apple-darwin12.2.0
configure:2964: checking host system type
configure:2977: result: x86_64-apple-darwin12.2.0
configure:3063: checking for gcc
configure:3090: result: /Users/mcirlanaru/Mozilla/emscripten/emcc
configure:3319: checking for C compiler version
configure:3328: /Users/mcirlanaru/Mozilla/emscripten/emcc --version >&5
emcc (Emscripten GCC-like replacement) 2.0
Copyright (C) 2012 the Emscripten authors.
This is free and open source software under the MIT license.
There is NO warranty; not even for MERCHANTABILITY or FITNESS FOR A PARTICULAR PURPOSE.
  
configure:3339: $? = 0
configure:3328: /Users/mcirlanaru/Mozilla/emscripten/emcc -v >&5
emcc (Emscripten GCC-like replacement) 2.0
clang version 3.1 (tags/RELEASE_31/final)
Target: x86_64-apple-darwin12.2.0
Thread model: posix
configure:3339: $? = 0
configure:3328: /Users/mcirlanaru/Mozilla/emscripten/emcc -V >&5
clang: error: argument to '-V' is missing (expected 1 value)
clang: error: no input files
configure:3339: $? = 1
configure:3328: /Users/mcirlanaru/Mozilla/emscripten/emcc -qversion >&5
clang: error: no input files
configure:3339: $? = 1
configure:3359: checking whether the C compiler works
configure:3381: /Users/mcirlanaru/Mozilla/emscripten/emcc -g -O2 -Wall   conftest.c  -framework CoreAudio -framework AudioToolbox >&5
configure:3385: $? = 0
configure:3433: result: yes
configure:3436: checking for C compiler default output file name
configure:3438: result: a.out
configure:3444: checking for suffix of executables
configure:3451: /Users/mcirlanaru/Mozilla/emscripten/emcc -o conftest -g -O2 -Wall   conftest.c  -framework CoreAudio -framework AudioToolbox >&5
configure:3455: $? = 0
configure:3477: result: 
configure:3499: checking whether we are cross compiling
configure:3507: /Users/mcirlanaru/Mozilla/emscripten/emcc -o conftest -g -O2 -Wall   conftest.c  -framework CoreAudio -framework AudioToolbox >&5
configure:3511: $? = 0
configure:3518: ./conftest
configure:3522: $? = 0
configure:3537: result: no
configure:3542: checking for suffix of object files
configure:3564: /Users/mcirlanaru/Mozilla/emscripten/emcc -c -g -O2 -Wall  conftest.c >&5
configure:3568: $? = 0
configure:3589: result: o
configure:3593: checking whether we are using the GNU C compiler
configure:3612: /Users/mcirlanaru/Mozilla/emscripten/emcc -c -g -O2 -Wall  conftest.c >&5
configure:3612: $? = 0
configure:3621: result: yes
configure:3630: checking whether /Users/mcirlanaru/Mozilla/emscripten/emcc accepts -g
configure:3650: /Users/mcirlanaru/Mozilla/emscripten/emcc -c -g  conftest.c >&5
configure:3650: $? = 0
configure:3691: result: yes
configure:3708: checking for /Users/mcirlanaru/Mozilla/emscripten/emcc option to accept ISO C89
configure:3771: /Users/mcirlanaru/Mozilla/emscripten/emcc  -c -g -O2 -Wall  conftest.c >&5
configure:3771: $? = 0
configure:3784: result: none needed
configure:3815: checking for style of include used by make
configure:3843: result: GNU
configure:3871: checking dependency style of /Users/mcirlanaru/Mozilla/emscripten/emcc
configure:3961: result: gcc3
configure:4024: checking how to print strings
configure:4051: result: printf
configure:4072: checking for a sed that does not truncate output
configure:4136: result: /usr/bin/sed
configure:4154: checking for grep that handles long lines and -e
configure:4212: result: /usr/bin/grep
configure:4217: checking for egrep
configure:4279: result: /usr/bin/grep -E
configure:4284: checking for fgrep
configure:4346: result: /usr/bin/grep -F
configure:4381: checking for ld used by /Users/mcirlanaru/Mozilla/emscripten/emcc
configure:4448: result: /Users/mcirlanaru/Mozilla/emscripten/emcc
configure:4455: checking if the linker (/Users/mcirlanaru/Mozilla/emscripten/emcc) is GNU ld
configure:4470: result: no
configure:4482: checking for BSD- or MS-compatible name lister (nm)
configure:4531: result: /usr/bin/nm
configure:4661: checking the name lister (/usr/bin/nm) interface
configure:4668: /Users/mcirlanaru/Mozilla/emscripten/emcc -c -g -O2 -Wall  conftest.c >&5
configure:4671: /usr/bin/nm "conftest.o"
configure:4674: output
0000000000000208 S _some_variable
configure:4681: result: BSD nm
configure:4684: checking whether ln -s works
configure:4688: result: yes
configure:4696: checking the maximum length of command line arguments
configure:4821: result: 196608
configure:4838: checking whether the shell understands some XSI constructs
configure:4848: result: yes
configure:4852: checking whether the shell understands "+="
configure:4858: result: yes
configure:4893: checking how to convert x86_64-apple-darwin12.2.0 file names to x86_64-apple-darwin12.2.0 format
configure:4933: result: func_convert_file_noop
configure:4940: checking how to convert x86_64-apple-darwin12.2.0 file names to toolchain format
configure:4960: result: func_convert_file_noop
configure:4967: checking for /Users/mcirlanaru/Mozilla/emscripten/emcc option to reload object files
configure:4974: result: -r
configure:5048: checking for objdump
configure:5078: result: no
configure:5107: checking how to recognize dependent libraries
configure:5309: result: pass_all
configure:5394: checking for dlltool
configure:5424: result: no
configure:5454: checking how to associate runtime and link libraries
configure:5481: result: printf %s\n
configure:5606: checking for archiver @FILE support
configure:5623: /Users/mcirlanaru/Mozilla/emscripten/emcc -c -g -O2 -Wall  conftest.c >&5
configure:5623: $? = 0
configure:5626: /Users/mcirlanaru/Mozilla/emscripten/emar cru libconftest.a @conftest.lst >&5
/usr/local/clang/bin/llvm-ar: File does not exist: @conftest.lst
configure:5629: $? = 0
configure:5634: /Users/mcirlanaru/Mozilla/emscripten/emar cru libconftest.a @conftest.lst >&5
/usr/local/clang/bin/llvm-ar: File does not exist: @conftest.lst
configure:5637: $? = 0
configure:5649: result: no
configure:5707: checking for strip
configure:5723: found /usr/bin/strip
configure:5734: result: strip
configure:5806: checking for ranlib
configure:5833: result: /Users/mcirlanaru/Mozilla/emscripten/emranlib
configure:5935: checking command to parse /usr/bin/nm output from /Users/mcirlanaru/Mozilla/emscripten/emcc object
configure:6054: /Users/mcirlanaru/Mozilla/emscripten/emcc -c -g -O2 -Wall  conftest.c >&5
configure:6057: $? = 0
configure:6061: /usr/bin/nm conftest.o \| sed -n -e 's/^.*[ ]\([BCDEGRST][BCDEGRST]*\)[ ][ ]*\([_A-Za-z][_A-Za-z0-9]*\)$/\1 \2 \2/p' | sed '/ __gnu_lto/d' \> conftest.nm
configure:6064: $? = 0
cannot find nm_test_var in conftest.nm
configure:6054: /Users/mcirlanaru/Mozilla/emscripten/emcc -c -g -O2 -Wall  conftest.c >&5
configure:6057: $? = 0
configure:6061: /usr/bin/nm conftest.o \| sed -n -e 's/^.*[ ]\([BCDEGRST][BCDEGRST]*\)[ ][ ]*_\([_A-Za-z][_A-Za-z0-9]*\)$/\1 _\2 \2/p' | sed '/ __gnu_lto/d' \> conftest.nm
configure:6064: $? = 0
configure:6130: /Users/mcirlanaru/Mozilla/emscripten/emcc -o conftest -g -O2 -Wall   conftest.c conftstm.o >&5
configure:6133: $? = 0
configure:6171: result: ok
configure:6208: checking for sysroot
configure:6238: result: no
configure:6481: checking for mt
configure:6511: result: no
configure:6531: checking if : is a manifest tool
configure:6537: : '-?'
configure:6545: result: no
configure:6601: checking for dsymutil
configure:6617: found /usr/bin/dsymutil
configure:6628: result: dsymutil
configure:6693: checking for nmedit
configure:6709: found /usr/bin/nmedit
configure:6720: result: nmedit
configure:6785: checking for lipo
configure:6801: found /usr/bin/lipo
configure:6812: result: lipo
configure:6877: checking for otool
configure:6893: found /usr/bin/otool
configure:6904: result: otool
configure:6969: checking for otool64
configure:6999: result: no
configure:7044: checking for -single_module linker flag
/Users/mcirlanaru/Mozilla/emscripten/emcc -g -O2 -Wall  -o libconftest.dylib -dynamiclib -Wl,-single_module conftest.c
configure:7071: result: yes
configure:7073: checking for -exported_symbols_list linker flag
configure:7093: /Users/mcirlanaru/Mozilla/emscripten/emcc -o conftest -g -O2 -Wall   -Wl,-exported_symbols_list,conftest.sym conftest.c  -framework CoreAudio -framework AudioToolbox >&5
configure:7093: $? = 0
configure:7103: result: yes
configure:7105: checking for -force_load linker flag
/Users/mcirlanaru/Mozilla/emscripten/emcc -g -O2 -Wall -c -o conftest.o conftest.c
/Users/mcirlanaru/Mozilla/emscripten/emar cru libconftest.a conftest.o
/Users/mcirlanaru/Mozilla/emscripten/emranlib libconftest.a
/Users/mcirlanaru/Mozilla/emscripten/emcc -g -O2 -Wall  -o conftest conftest.c -Wl,-force_load,./libconftest.a
ld: warning: ignoring file ./libconftest.a, file was built for archive which is not the architecture being linked (x86_64): ./libconftest.a
configure:7135: result: no
configure:7177: checking how to run the C preprocessor
configure:7208: /Users/mcirlanaru/Mozilla/emscripten/emcc -E  conftest.c
configure:7208: $? = 0
configure:7222: /Users/mcirlanaru/Mozilla/emscripten/emcc -E  conftest.c
conftest.c:9:10: fatal error: 'ac_nonexistent.h' file not found
#include <ac_nonexistent.h>
         ^
1 error generated.
configure:7222: $? = 1
configure: failed program was:
| /* confdefs.h */
| #define PACKAGE_NAME "pocketsphinx"
| #define PACKAGE_TARNAME "pocketsphinx"
| #define PACKAGE_VERSION "0.7"
| #define PACKAGE_STRING "pocketsphinx 0.7"
| #define PACKAGE_BUGREPORT ""
| #define PACKAGE_URL ""
| /* end confdefs.h.  */
| #include <ac_nonexistent.h>
configure:7247: result: /Users/mcirlanaru/Mozilla/emscripten/emcc -E
configure:7267: /Users/mcirlanaru/Mozilla/emscripten/emcc -E  conftest.c
configure:7267: $? = 0
configure:7281: /Users/mcirlanaru/Mozilla/emscripten/emcc -E  conftest.c
conftest.c:9:10: fatal error: 'ac_nonexistent.h' file not found
#include <ac_nonexistent.h>
         ^
1 error generated.
configure:7281: $? = 1
configure: failed program was:
| /* confdefs.h */
| #define PACKAGE_NAME "pocketsphinx"
| #define PACKAGE_TARNAME "pocketsphinx"
| #define PACKAGE_VERSION "0.7"
| #define PACKAGE_STRING "pocketsphinx 0.7"
| #define PACKAGE_BUGREPORT ""
| #define PACKAGE_URL ""
| /* end confdefs.h.  */
| #include <ac_nonexistent.h>
configure:7310: checking for ANSI C header files
configure:7330: /Users/mcirlanaru/Mozilla/emscripten/emcc -c -g -O2 -Wall  conftest.c >&5
configure:7330: $? = 0
configure:7403: /Users/mcirlanaru/Mozilla/emscripten/emcc -o conftest -g -O2 -Wall   conftest.c  -framework CoreAudio -framework AudioToolbox >&5
configure:7403: $? = 0
configure:7403: ./conftest
configure:7403: $? = 0
configure:7414: result: yes
configure:7427: checking for sys/types.h
configure:7427: /Users/mcirlanaru/Mozilla/emscripten/emcc -c -g -O2 -Wall  conftest.c >&5
configure:7427: $? = 0
configure:7427: result: yes
configure:7427: checking for sys/stat.h
configure:7427: /Users/mcirlanaru/Mozilla/emscripten/emcc -c -g -O2 -Wall  conftest.c >&5
configure:7427: $? = 0
configure:7427: result: yes
configure:7427: checking for stdlib.h
configure:7427: /Users/mcirlanaru/Mozilla/emscripten/emcc -c -g -O2 -Wall  conftest.c >&5
configure:7427: $? = 0
configure:7427: result: yes
configure:7427: checking for string.h
configure:7427: /Users/mcirlanaru/Mozilla/emscripten/emcc -c -g -O2 -Wall  conftest.c >&5
configure:7427: $? = 0
configure:7427: result: yes
configure:7427: checking for memory.h
configure:7427: /Users/mcirlanaru/Mozilla/emscripten/emcc -c -g -O2 -Wall  conftest.c >&5
configure:7427: $? = 0
configure:7427: result: yes
configure:7427: checking for strings.h
configure:7427: /Users/mcirlanaru/Mozilla/emscripten/emcc -c -g -O2 -Wall  conftest.c >&5
configure:7427: $? = 0
configure:7427: result: yes
configure:7427: checking for inttypes.h
configure:7427: /Users/mcirlanaru/Mozilla/emscripten/emcc -c -g -O2 -Wall  conftest.c >&5
configure:7427: $? = 0
configure:7427: result: yes
configure:7427: checking for stdint.h
configure:7427: /Users/mcirlanaru/Mozilla/emscripten/emcc -c -g -O2 -Wall  conftest.c >&5
configure:7427: $? = 0
configure:7427: result: yes
configure:7427: checking for unistd.h
configure:7427: /Users/mcirlanaru/Mozilla/emscripten/emcc -c -g -O2 -Wall  conftest.c >&5
configure:7427: $? = 0
configure:7427: result: yes
configure:7441: checking for dlfcn.h
configure:7441: /Users/mcirlanaru/Mozilla/emscripten/emcc -c -g -O2 -Wall  conftest.c >&5
configure:7441: $? = 0
configure:7441: result: yes
configure:7628: checking for objdir
configure:7643: result: .libs
configure:7910: checking if /Users/mcirlanaru/Mozilla/emscripten/emcc supports -fno-rtti -fno-exceptions
configure:7928: /Users/mcirlanaru/Mozilla/emscripten/emcc -c -g -O2 -Wall  -fno-rtti -fno-exceptions conftest.c >&5
configure:7932: $? = 0
configure:7945: result: yes
configure:8255: checking for /Users/mcirlanaru/Mozilla/emscripten/emcc option to produce PIC
configure:8262: result: -fno-common -DPIC
configure:8270: checking if /Users/mcirlanaru/Mozilla/emscripten/emcc PIC flag -fno-common -DPIC works
configure:8288: /Users/mcirlanaru/Mozilla/emscripten/emcc -c -g -O2 -Wall  -fno-common -DPIC -DPIC conftest.c >&5
configure:8292: $? = 0
configure:8305: result: yes
configure:8334: checking if /Users/mcirlanaru/Mozilla/emscripten/emcc static flag -static works
configure:8362: result: no
configure:8377: checking if /Users/mcirlanaru/Mozilla/emscripten/emcc supports -c -o file.o
configure:8398: /Users/mcirlanaru/Mozilla/emscripten/emcc -c -g -O2 -Wall  -o out/conftest2.o conftest.c >&5
configure:8402: $? = 0
configure:8424: result: yes
configure:8432: checking if /Users/mcirlanaru/Mozilla/emscripten/emcc supports -c -o file.o
configure:8479: result: yes
configure:8512: checking whether the /Users/mcirlanaru/Mozilla/emscripten/emcc linker (/Users/mcirlanaru/Mozilla/emscripten/emcc) supports shared libraries
configure:9670: result: yes
configure:9915: checking dynamic linker characteristics
configure:10651: result: darwin12.2.0 dyld
configure:10758: checking how to hardcode library paths into programs
configure:10783: result: immediate
configure:11323: checking whether stripping libraries is possible
configure:11337: result: yes
configure:11363: checking if libtool supports shared libraries
configure:11365: result: yes
configure:11368: checking whether to build shared libraries
configure:11389: result: no
configure:11392: checking whether to build static libraries
configure:11396: result: yes
configure:11431: checking whether byte ordering is bigendian
configure:11446: /Users/mcirlanaru/Mozilla/emscripten/emcc -c -g -O2 -Wall  conftest.c >&5
configure:11446: $? = 0
configure:11491: /Users/mcirlanaru/Mozilla/emscripten/emcc -c -g -O2 -Wall  conftest.c >&5
configure:11491: $? = 0
configure:11509: /Users/mcirlanaru/Mozilla/emscripten/emcc -c -g -O2 -Wall  conftest.c >&5
conftest.c:28:4: error: use of undeclared identifier 'not'
                 not big endian
                 ^
1 error generated.
configure:11509: $? = 1
configure: failed program was:
| /* confdefs.h */
| #define PACKAGE_NAME "pocketsphinx"
| #define PACKAGE_TARNAME "pocketsphinx"
| #define PACKAGE_VERSION "0.7"
| #define PACKAGE_STRING "pocketsphinx 0.7"
| #define PACKAGE_BUGREPORT ""
| #define PACKAGE_URL ""
| #define STDC_HEADERS 1
| #define HAVE_SYS_TYPES_H 1
| #define HAVE_SYS_STAT_H 1
| #define HAVE_STDLIB_H 1
| #define HAVE_STRING_H 1
| #define HAVE_MEMORY_H 1
| #define HAVE_STRINGS_H 1
| #define HAVE_INTTYPES_H 1
| #define HAVE_STDINT_H 1
| #define HAVE_UNISTD_H 1
| #define HAVE_DLFCN_H 1
| #define LT_OBJDIR ".libs/"
| /* end confdefs.h.  */
| #include <sys/types.h>
| 		#include <sys/param.h>
| 
| int
| main ()
| {
| #if BYTE_ORDER != BIG_ENDIAN
| 		 not big endian
| 		#endif
| 
|   ;
|   return 0;
| }
configure:11637: result: no
configure:11655: checking for long long
configure:11655: /Users/mcirlanaru/Mozilla/emscripten/emcc -c -g -O2 -Wall  conftest.c >&5
configure:11655: $? = 0
configure:11655: /Users/mcirlanaru/Mozilla/emscripten/emcc -c -g -O2 -Wall  conftest.c >&5
conftest.c:57:24: error: expected expression
if (sizeof ((long long)))
                       ^
1 error generated.
configure:11655: $? = 1
configure: failed program was:
| /* confdefs.h */
| #define PACKAGE_NAME "pocketsphinx"
| #define PACKAGE_TARNAME "pocketsphinx"
| #define PACKAGE_VERSION "0.7"
| #define PACKAGE_STRING "pocketsphinx 0.7"
| #define PACKAGE_BUGREPORT ""
| #define PACKAGE_URL ""
| #define STDC_HEADERS 1
| #define HAVE_SYS_TYPES_H 1
| #define HAVE_SYS_STAT_H 1
| #define HAVE_STDLIB_H 1
| #define HAVE_STRING_H 1
| #define HAVE_MEMORY_H 1
| #define HAVE_STRINGS_H 1
| #define HAVE_INTTYPES_H 1
| #define HAVE_STDINT_H 1
| #define HAVE_UNISTD_H 1
| #define HAVE_DLFCN_H 1
| #define LT_OBJDIR ".libs/"
| /* end confdefs.h.  */
| #include <stdio.h>
| #ifdef HAVE_SYS_TYPES_H
| # include <sys/types.h>
| #endif
| #ifdef HAVE_SYS_STAT_H
| # include <sys/stat.h>
| #endif
| #ifdef STDC_HEADERS
| # include <stdlib.h>
| # include <stddef.h>
| #else
| # ifdef HAVE_STDLIB_H
| #  include <stdlib.h>
| # endif
| #endif
| #ifdef HAVE_STRING_H
| # if !defined STDC_HEADERS && defined HAVE_MEMORY_H
| #  include <memory.h>
| # endif
| # include <string.h>
| #endif
| #ifdef HAVE_STRINGS_H
| # include <strings.h>
| #endif
| #ifdef HAVE_INTTYPES_H
| # include <inttypes.h>
| #endif
| #ifdef HAVE_STDINT_H
| # include <stdint.h>
| #endif
| #ifdef HAVE_UNISTD_H
| # include <unistd.h>
| #endif
| int
| main ()
| {
| if (sizeof ((long long)))
| 	    return 0;
|   ;
|   return 0;
| }
configure:11655: result: yes
configure:11669: checking size of long long
configure:11674: /Users/mcirlanaru/Mozilla/emscripten/emcc -o conftest -g -O2 -Wall   conftest.c  -framework CoreAudio -framework AudioToolbox >&5
configure:11674: $? = 0
configure:11674: ./conftest
configure:11674: $? = 0
configure:11688: result: 8
configure:11700: checking for dup2
configure:11700: /Users/mcirlanaru/Mozilla/emscripten/emcc -o conftest -g -O2 -Wall   conftest.c  -framework CoreAudio -framework AudioToolbox >&5
configure:11700: $? = 0
configure:11700: result: yes
configure:11712: checking for pkg-config
configure:11728: found /usr/local/bin/pkg-config
configure:11740: result: yes
configure:11751: checking for doxygen
configure:11779: result: no
configure:11920: WARNING: Disabling python since development headers were not found
configure:12036: checking for pkg-config
configure:12054: found /usr/local/bin/pkg-config
configure:12066: result: /usr/local/bin/pkg-config
configure:12091: checking pkg-config is at least version 0.9.0
configure:12094: result: yes
configure:12105: checking for GStreamer
configure:12115: $PKG_CONFIG --exists --print-errors "gstreamer-$GST_MAJORMINOR >= 0.10.0
		       gstreamer-base-$GST_MAJORMINOR >= 0.10.0
		       gstreamer-plugins-base-$GST_MAJORMINOR >= 0.10.0"
Package gstreamer-0.10 was not found in the pkg-config search path.
Perhaps you should add the directory containing `gstreamer-0.10.pc'
to the PKG_CONFIG_PATH environment variable
No package 'gstreamer-0.10' found
Package gstreamer-base-0.10 was not found in the pkg-config search path.
Perhaps you should add the directory containing `gstreamer-base-0.10.pc'
to the PKG_CONFIG_PATH environment variable
No package 'gstreamer-base-0.10' found
Package gstreamer-plugins-base-0.10 was not found in the pkg-config search path.
Perhaps you should add the directory containing `gstreamer-plugins-base-0.10.pc'
to the PKG_CONFIG_PATH environment variable
No package 'gstreamer-plugins-base-0.10' found
configure:12120: $? = 1
configure:12139: $PKG_CONFIG --exists --print-errors "gstreamer-$GST_MAJORMINOR >= 0.10.0
		       gstreamer-base-$GST_MAJORMINOR >= 0.10.0
		       gstreamer-plugins-base-$GST_MAJORMINOR >= 0.10.0"
Package gstreamer-0.10 was not found in the pkg-config search path.
Perhaps you should add the directory containing `gstreamer-0.10.pc'
to the PKG_CONFIG_PATH environment variable
No package 'gstreamer-0.10' found
Package gstreamer-base-0.10 was not found in the pkg-config search path.
Perhaps you should add the directory containing `gstreamer-base-0.10.pc'
to the PKG_CONFIG_PATH environment variable
No package 'gstreamer-base-0.10' found
Package gstreamer-plugins-base-0.10 was not found in the pkg-config search path.
Perhaps you should add the directory containing `gstreamer-plugins-base-0.10.pc'
to the PKG_CONFIG_PATH environment variable
No package 'gstreamer-plugins-base-0.10' found
configure:12144: $? = 1
No package 'gstreamer-0.10' found
No package 'gstreamer-base-0.10' found
No package 'gstreamer-plugins-base-0.10' found
configure:12178: result: no
configure:12247: checking for sphinxbase in /Users/mcirlanaru/Mozilla/cmusphinx/pocketsphinx-0.7/../sphinxbase
configure:12255: result: no
configure:12247: checking for sphinxbase in /Users/mcirlanaru/Mozilla/cmusphinx/pocketsphinx-0.7/../sphinxbase-0.7
configure:12251: result: yes
configure:12380: checking for /Users/mcirlanaru/Mozilla/cmusphinx/pocketsphinx-0.7/../sphinxbase-0.7/include/sphinxbase/prim_type.h
configure:12394: result: yes
configure:12408: checking for /Users/mcirlanaru/Mozilla/cmusphinx/pocketsphinx-0.7/../sphinxbase-0.7/src/libsphinxbase/libsphinxbase.la
configure:12422: result: yes
configure:12618: creating ./config.status

## ---------------------- ##
## Running config.status. ##
## ---------------------- ##

This file was extended by pocketsphinx config.status 0.7, which was
generated by GNU Autoconf 2.69.  Invocation command line was

  CONFIG_FILES    = 
  CONFIG_HEADERS  = 
  CONFIG_LINKS    = 
  CONFIG_COMMANDS = 
  $ ./config.status 

on host-4-199.mv.mozilla.com

config.status:1036: creating pocketsphinx.pc
config.status:1036: creating Makefile
config.status:1036: creating include/Makefile
config.status:1036: creating python/Makefile
config.status:1036: creating python/setup.py
config.status:1036: creating src/Makefile
config.status:1036: creating src/libpocketsphinx/Makefile
config.status:1036: creating src/programs/Makefile
config.status:1036: creating src/gst-plugin/Makefile
config.status:1036: creating doc/Makefile
config.status:1036: creating doc/doxyfile
config.status:1036: creating model/Makefile
config.status:1036: creating model/hmm/Makefile
config.status:1036: creating model/lm/Makefile
config.status:1036: creating scripts/Makefile
config.status:1036: creating test/Makefile
config.status:1036: creating test/testfuncs.sh
config.status:1036: creating test/unit/Makefile
config.status:1036: creating test/regression/Makefile
config.status:1202: executing depfiles commands
config.status:1202: executing libtool commands

## ---------------- ##
## Cache variables. ##
## ---------------- ##

ac_cv_build=x86_64-apple-darwin12.2.0
ac_cv_c_bigendian=no
ac_cv_c_compiler_gnu=yes
ac_cv_env_CC_set=set
ac_cv_env_CC_value=/Users/mcirlanaru/Mozilla/emscripten/emcc
ac_cv_env_CFLAGS_set=set
ac_cv_env_CFLAGS_value=
ac_cv_env_CPPFLAGS_set=
ac_cv_env_CPPFLAGS_value=
ac_cv_env_CPP_set=
ac_cv_env_CPP_value=
ac_cv_env_GStreamer_CFLAGS_set=
ac_cv_env_GStreamer_CFLAGS_value=
ac_cv_env_GStreamer_LIBS_set=
ac_cv_env_GStreamer_LIBS_value=
ac_cv_env_LDFLAGS_set=
ac_cv_env_LDFLAGS_value=
ac_cv_env_LIBS_set=
ac_cv_env_LIBS_value=
ac_cv_env_PKG_CONFIG_set=
ac_cv_env_PKG_CONFIG_value=
ac_cv_env_SphinxBase_CFLAGS_set=
ac_cv_env_SphinxBase_CFLAGS_value=
ac_cv_env_SphinxBase_LIBS_set=
ac_cv_env_SphinxBase_LIBS_value=
ac_cv_env_build_alias_set=
ac_cv_env_build_alias_value=
ac_cv_env_host_alias_set=
ac_cv_env_host_alias_value=
ac_cv_env_target_alias_set=
ac_cv_env_target_alias_value=
ac_cv_file__Users_mcirlanaru_Mozilla_cmusphinx_pocketsphinx_0_7____sphinxbase_0_7_include_sphinxbase_prim_type_h=yes
ac_cv_file__Users_mcirlanaru_Mozilla_cmusphinx_pocketsphinx_0_7____sphinxbase_0_7_src_libsphinxbase_libsphinxbase_la=yes
ac_cv_func_dup2=yes
ac_cv_header_dlfcn_h=yes
ac_cv_header_inttypes_h=yes
ac_cv_header_memory_h=yes
ac_cv_header_stdc=yes
ac_cv_header_stdint_h=yes
ac_cv_header_stdlib_h=yes
ac_cv_header_string_h=yes
ac_cv_header_strings_h=yes
ac_cv_header_sys_stat_h=yes
ac_cv_header_sys_types_h=yes
ac_cv_header_unistd_h=yes
ac_cv_host=x86_64-apple-darwin12.2.0
ac_cv_objext=o
ac_cv_path_EGREP='/usr/bin/grep -E'
ac_cv_path_FGREP='/usr/bin/grep -F'
ac_cv_path_GREP=/usr/bin/grep
ac_cv_path_SED=/usr/bin/sed
ac_cv_path_ac_pt_PKG_CONFIG=/usr/local/bin/pkg-config
ac_cv_path_install='/usr/bin/install -c'
ac_cv_prog_AWK=awk
ac_cv_prog_CPP='/Users/mcirlanaru/Mozilla/emscripten/emcc -E'
ac_cv_prog_HAVE_DOXYGEN=no
ac_cv_prog_HAVE_PKGCONFIG=yes
ac_cv_prog_ac_ct_CC=/Users/mcirlanaru/Mozilla/emscripten/emcc
ac_cv_prog_ac_ct_DSYMUTIL=dsymutil
ac_cv_prog_ac_ct_LIPO=lipo
ac_cv_prog_ac_ct_NMEDIT=nmedit
ac_cv_prog_ac_ct_OTOOL=otool
ac_cv_prog_ac_ct_RANLIB=/Users/mcirlanaru/Mozilla/emscripten/emranlib
ac_cv_prog_ac_ct_STRIP=strip
ac_cv_prog_cc_c89=
ac_cv_prog_cc_g=yes
ac_cv_prog_make_make_set=yes
ac_cv_sizeof_long_long=8
ac_cv_type_long_long=yes
am_cv_CC_dependencies_compiler_type=gcc3
lt_cv_apple_cc_single_mod=yes
lt_cv_ar_at_file=no
lt_cv_deplibs_check_method=pass_all
lt_cv_file_magic_cmd='$MAGIC_CMD'
lt_cv_file_magic_test_file=
lt_cv_ld_exported_symbols_list=yes
lt_cv_ld_force_load=no
lt_cv_ld_reload_flag=-r
lt_cv_nm_interface='BSD nm'
lt_cv_objdir=.libs
lt_cv_path_LD=/Users/mcirlanaru/Mozilla/emscripten/emcc
lt_cv_path_NM=/usr/bin/nm
lt_cv_path_mainfest_tool=no
lt_cv_prog_compiler_c_o=yes
lt_cv_prog_compiler_pic='-fno-common -DPIC'
lt_cv_prog_compiler_pic_works=yes
lt_cv_prog_compiler_rtti_exceptions=yes
lt_cv_prog_compiler_static_works=no
lt_cv_prog_gnu_ld=no
lt_cv_sharedlib_from_linklib_cmd='printf %s\n'
lt_cv_sys_global_symbol_pipe='sed -n -e '\''s/^.*[	 ]\([BCDEGRST][BCDEGRST]*\)[	 ][	 ]*_\([_A-Za-z][_A-Za-z0-9]*\)$/\1 _\2 \2/p'\'' | sed '\''/ __gnu_lto/d'\'''
lt_cv_sys_global_symbol_to_c_name_address='sed -n -e '\''s/^: \([^ ]*\)[ ]*$/  {\"\1\", (void *) 0},/p'\'' -e '\''s/^[BCDEGRST]* \([^ ]*\) \([^ ]*\)$/  {"\2", (void *) \&\2},/p'\'''
lt_cv_sys_global_symbol_to_c_name_address_lib_prefix='sed -n -e '\''s/^: \([^ ]*\)[ ]*$/  {\"\1\", (void *) 0},/p'\'' -e '\''s/^[BCDEGRST]* \([^ ]*\) \(lib[^ ]*\)$/  {"\2", (void *) \&\2},/p'\'' -e '\''s/^[BCDEGRST]* \([^ ]*\) \([^ ]*\)$/  {"lib\2", (void *) \&\2},/p'\'''
lt_cv_sys_global_symbol_to_cdecl='sed -n -e '\''s/^T .* \(.*\)$/extern int \1();/p'\'' -e '\''s/^[BCDEGRST]* .* \(.*\)$/extern char \1;/p'\'''
lt_cv_sys_max_cmd_len=196608
lt_cv_to_host_file_cmd=func_convert_file_noop
lt_cv_to_tool_file_cmd=func_convert_file_noop

## ----------------- ##
## Output variables. ##
## ----------------- ##

ACLOCAL='${SHELL} /Users/mcirlanaru/Mozilla/cmusphinx/pocketsphinx-0.7/missing --run aclocal-1.9'
ACLOCAL_AMFLAGS='-I m4'
AMDEPBACKSLASH='\'
AMDEP_FALSE='#'
AMDEP_TRUE=''
AMTAR='${SHELL} /Users/mcirlanaru/Mozilla/cmusphinx/pocketsphinx-0.7/missing --run tar'
AR='/Users/mcirlanaru/Mozilla/emscripten/emar'
AUTOCONF='${SHELL} /Users/mcirlanaru/Mozilla/cmusphinx/pocketsphinx-0.7/missing --run autoconf'
AUTOHEADER='${SHELL} /Users/mcirlanaru/Mozilla/cmusphinx/pocketsphinx-0.7/missing --run autoheader'
AUTOMAKE='${SHELL} /Users/mcirlanaru/Mozilla/cmusphinx/pocketsphinx-0.7/missing --run automake-1.9'
AWK='awk'
BUILD_CYTHON_FALSE=''
BUILD_CYTHON_TRUE='#'
BUILD_DOXYGEN_FALSE=''
BUILD_DOXYGEN_TRUE='#'
BUILD_GST_FALSE=''
BUILD_GST_TRUE='#'
BUILD_PYTHON_FALSE=''
BUILD_PYTHON_TRUE='#'
CC='/Users/mcirlanaru/Mozilla/emscripten/emcc'
CCDEPMODE='depmode=gcc3'
CFLAGS='-g -O2 -Wall'
CPP='/Users/mcirlanaru/Mozilla/emscripten/emcc -E'
CPPFLAGS='-I/Users/mcirlanaru/Mozilla/cmusphinx/pocketsphinx-0.7/../sphinxbase-0.7/include -I/Users/mcirlanaru/Mozilla/cmusphinx/pocketsphinx-0.7/../sphinxbase-0.7/include '
CYGPATH_W='echo'
DEFS='-DPACKAGE_NAME=\"pocketsphinx\" -DPACKAGE_TARNAME=\"pocketsphinx\" -DPACKAGE_VERSION=\"0.7\" -DPACKAGE_STRING=\"pocketsphinx\ 0.7\" -DPACKAGE_BUGREPORT=\"\" -DPACKAGE_URL=\"\" -DSTDC_HEADERS=1 -DHAVE_SYS_TYPES_H=1 -DHAVE_SYS_STAT_H=1 -DHAVE_STDLIB_H=1 -DHAVE_STRING_H=1 -DHAVE_MEMORY_H=1 -DHAVE_STRINGS_H=1 -DHAVE_INTTYPES_H=1 -DHAVE_STDINT_H=1 -DHAVE_UNISTD_H=1 -DHAVE_DLFCN_H=1 -DLT_OBJDIR=\".libs/\" -DHAVE_LONG_LONG=1 -DSIZEOF_LONG_LONG=8 -DHAVE_DUP2=1'
DEPDIR='.deps'
DLLTOOL='false'
DSYMUTIL='dsymutil'
DUMPBIN=''
ECHO_C='\c'
ECHO_N=''
ECHO_T=''
EGREP='/usr/bin/grep -E'
EXEEXT=''
FGREP='/usr/bin/grep -F'
GREP='/usr/bin/grep'
GST_CFLAGS=' '
GST_LIBS=''
GST_MAJORMINOR='0.10'
GST_PLUGIN_LDFLAGS='-module -avoid-version -export-symbols-regex _*\(gst_\|Gst\|GST_\).*'
GStreamer_CFLAGS=''
GStreamer_LIBS=''
HAVE_CYTHON=''
HAVE_DOXYGEN='no'
HAVE_PKGCONFIG='yes'
INSTALL_DATA='${INSTALL} -m 644'
INSTALL_PROGRAM='${INSTALL}'
INSTALL_SCRIPT='${INSTALL}'
INSTALL_STRIP_PROGRAM='${SHELL} $(install_sh) -c -s'
LD='/Users/mcirlanaru/Mozilla/emscripten/emcc'
LDFLAGS=' -L/Users/mcirlanaru/Mozilla/cmusphinx/pocketsphinx-0.7/../sphinxbase-0.7/src/libsphinxad 		  -L/Users/mcirlanaru/Mozilla/cmusphinx/pocketsphinx-0.7/../sphinxbase-0.7/src/libsphinxbase 		  -L/Users/mcirlanaru/Mozilla/cmusphinx/pocketsphinx-0.7/../sphinxbase-0.7/src/libsphinxbase/.libs'
LIBOBJS=''
LIBS=' -framework CoreAudio -framework AudioToolbox -lsphinxbase'
LIBTOOL='$(SHELL) $(top_builddir)/libtool'
LIPO='lipo'
LN_S='ln -s'
LTLIBOBJS=''
MAKEINFO='${SHELL} /Users/mcirlanaru/Mozilla/cmusphinx/pocketsphinx-0.7/missing --run makeinfo'
MANIFEST_TOOL=':'
NM='/usr/bin/nm'
NMEDIT='nmedit'
OBJDUMP='false'
OBJEXT='o'
OTOOL64=':'
OTOOL='otool'
PACKAGE='pocketsphinx'
PACKAGE_BUGREPORT=''
PACKAGE_NAME='pocketsphinx'
PACKAGE_STRING='pocketsphinx 0.7'
PACKAGE_TARNAME='pocketsphinx'
PACKAGE_URL=''
PACKAGE_VERSION='0.7'
PATH_SEPARATOR=':'
PKG_CONFIG='/usr/local/bin/pkg-config'
PYTHON='bogus'
PYTHON_CONFIG=''
RANLIB='/Users/mcirlanaru/Mozilla/emscripten/emranlib'
SED='/usr/bin/sed'
SET_MAKE=''
SHELL='/bin/sh'
STRIP='strip'
SphinxBase_CFLAGS=''
SphinxBase_LIBS=''
VERSION='0.7'
ac_ct_AR=''
ac_ct_CC='/Users/mcirlanaru/Mozilla/emscripten/emcc'
ac_ct_DUMPBIN=''
am__fastdepCC_FALSE='#'
am__fastdepCC_TRUE=''
am__include='include'
am__leading_dot='.'
am__quote=''
am__tar='${AMTAR} chof - "$$tardir"'
am__untar='${AMTAR} xf -'
bindir='${exec_prefix}/bin'
build='x86_64-apple-darwin12.2.0'
build_alias=''
build_cpu='x86_64'
build_os='darwin12.2.0'
build_vendor='apple'
datadir='${datarootdir}'
datarootdir='${prefix}/share'
docdir='${datarootdir}/doc/${PACKAGE_TARNAME}'
dvidir='${docdir}'
exec_prefix='${prefix}'
host='x86_64-apple-darwin12.2.0'
host_alias=''
host_cpu='x86_64'
host_os='darwin12.2.0'
host_vendor='apple'
htmldir='${docdir}'
includedir='${prefix}/include'
infodir='${datarootdir}/info'
install_sh='/Users/mcirlanaru/Mozilla/cmusphinx/pocketsphinx-0.7/install-sh'
libdir='${exec_prefix}/lib'
libexecdir='${exec_prefix}/libexec'
localedir='${datarootdir}/locale'
localstatedir='${prefix}/var'
mandir='${datarootdir}/man'
mkdir_p='$(install_sh) -d'
oldincludedir='/usr/include'
pdfdir='${docdir}'
plugindir='$(libdir)/gstreamer-0.10'
prefix='/usr/local'
program_transform_name='s,x,x,'
psdir='${docdir}'
sbindir='${exec_prefix}/sbin'
sharedstatedir='${prefix}/com'
sphinxbase='/Users/mcirlanaru/Mozilla/cmusphinx/pocketsphinx-0.7/../sphinxbase-0.7'
sphinxbasebuild='/Users/mcirlanaru/Mozilla/cmusphinx/pocketsphinx-0.7/../sphinxbase-0.7'
sysconfdir='${prefix}/etc'
target_alias=''

## ----------- ##
## confdefs.h. ##
## ----------- ##

/* confdefs.h */
#define PACKAGE_NAME "pocketsphinx"
#define PACKAGE_TARNAME "pocketsphinx"
#define PACKAGE_VERSION "0.7"
#define PACKAGE_STRING "pocketsphinx 0.7"
#define PACKAGE_BUGREPORT ""
#define PACKAGE_URL ""
#define STDC_HEADERS 1
#define HAVE_SYS_TYPES_H 1
#define HAVE_SYS_STAT_H 1
#define HAVE_STDLIB_H 1
#define HAVE_STRING_H 1
#define HAVE_MEMORY_H 1
#define HAVE_STRINGS_H 1
#define HAVE_INTTYPES_H 1
#define HAVE_STDINT_H 1
#define HAVE_UNISTD_H 1
#define HAVE_DLFCN_H 1
#define LT_OBJDIR ".libs/"
#define HAVE_LONG_LONG 1
#define SIZEOF_LONG_LONG 8
#define HAVE_DUP2 1

configure: exit 0
